<?xml version="1.0" encoding="UTF-8"?>
<coverage generated="1619387187178" clover="3.2.0">
  <project timestamp="1619387187178" name="All files">
    <metrics statements="91" coveredstatements="91" conditionals="44" coveredconditionals="44" methods="16" coveredmethods="16" elements="151" coveredelements="151" complexity="0" loc="91" ncloc="91" packages="3" files="4" classes="4"/>
    <package name="binaryTree">
      <metrics statements="68" coveredstatements="68" conditionals="36" coveredconditionals="36" methods="13" coveredmethods="13"/>
      <file name="binarySearchTree.ts" path="D:\evo-ts-bootcamp\homevork\03-data-structure\binaryTree\binarySearchTree.ts">
        <metrics statements="18" coveredstatements="18" conditionals="10" coveredconditionals="10" methods="3" coveredmethods="3"/>
        <line num="2" count="1" type="stmt"/>
        <line num="5" count="1" type="stmt"/>
        <line num="6" count="1" type="stmt"/>
        <line num="9" count="4" type="cond" truecount="2" falsecount="0"/>
        <line num="12" count="1" type="stmt"/>
        <line num="13" count="3" type="stmt"/>
        <line num="15" count="3" type="stmt"/>
        <line num="16" count="7" type="cond" truecount="2" falsecount="0"/>
        <line num="17" count="1" type="stmt"/>
        <line num="20" count="6" type="cond" truecount="2" falsecount="0"/>
        <line num="21" count="2" type="cond" truecount="2" falsecount="0"/>
        <line num="22" count="1" type="stmt"/>
        <line num="24" count="1" type="stmt"/>
        <line num="28" count="5" type="cond" truecount="2" falsecount="0"/>
        <line num="29" count="4" type="stmt"/>
        <line num="31" count="1" type="stmt"/>
        <line num="35" count="2" type="stmt"/>
        <line num="37" count="1" type="stmt"/>
      </file>
      <file name="binaryTree.ts" path="D:\evo-ts-bootcamp\homevork\03-data-structure\binaryTree\binaryTree.ts">
        <metrics statements="50" coveredstatements="50" conditionals="26" coveredconditionals="26" methods="10" coveredmethods="10"/>
        <line num="3" count="2" type="stmt"/>
        <line num="5" count="2" type="stmt"/>
        <line num="6" count="13" type="stmt"/>
        <line num="8" count="2" type="stmt"/>
        <line num="9" count="2" type="stmt"/>
        <line num="10" count="2" type="stmt"/>
        <line num="13" count="2" type="stmt"/>
        <line num="14" count="3" type="stmt"/>
        <line num="17" count="2" type="stmt"/>
        <line num="18" count="5" type="stmt"/>
        <line num="20" count="1" type="stmt"/>
        <line num="22" count="1" type="stmt"/>
        <line num="24" count="1" type="stmt"/>
        <line num="26" count="2" type="stmt"/>
        <line num="30" count="2" type="stmt"/>
        <line num="31" count="9" type="cond" truecount="2" falsecount="0"/>
        <line num="32" count="9" type="cond" truecount="2" falsecount="0"/>
        <line num="33" count="9" type="stmt"/>
        <line num="36" count="2" type="stmt"/>
        <line num="37" count="9" type="cond" truecount="2" falsecount="0"/>
        <line num="38" count="9" type="cond" truecount="2" falsecount="0"/>
        <line num="39" count="9" type="stmt"/>
        <line num="42" count="2" type="stmt"/>
        <line num="43" count="9" type="cond" truecount="2" falsecount="0"/>
        <line num="44" count="9" type="cond" truecount="2" falsecount="0"/>
        <line num="45" count="9" type="stmt"/>
        <line num="48" count="2" type="stmt"/>
        <line num="49" count="2" type="stmt"/>
        <line num="50" count="2" type="stmt"/>
        <line num="52" count="2" type="stmt"/>
        <line num="53" count="10" type="stmt"/>
        <line num="55" count="10" type="stmt"/>
        <line num="57" count="10" type="cond" truecount="2" falsecount="0"/>
        <line num="58" count="4" type="stmt"/>
        <line num="61" count="10" type="cond" truecount="2" falsecount="0"/>
        <line num="62" count="4" type="stmt"/>
        <line num="66" count="2" type="stmt"/>
        <line num="69" count="2" type="stmt"/>
        <line num="70" count="2" type="stmt"/>
        <line num="71" count="2" type="stmt"/>
        <line num="73" count="2" type="stmt"/>
        <line num="74" count="18" type="stmt"/>
        <line num="76" count="18" type="cond" truecount="2" falsecount="0"/>
        <line num="77" count="5" type="stmt"/>
        <line num="80" count="18" type="cond" truecount="2" falsecount="0"/>
        <line num="81" count="8" type="stmt"/>
        <line num="84" count="18" type="cond" truecount="2" falsecount="0"/>
        <line num="85" count="8" type="stmt"/>
        <line num="89" count="2" type="stmt"/>
        <line num="91" count="2" type="stmt"/>
      </file>
    </package>
    <package name="enums">
      <metrics statements="5" coveredstatements="5" conditionals="2" coveredconditionals="2" methods="1" coveredmethods="1"/>
      <file name="TraverseType.ts" path="D:\evo-ts-bootcamp\homevork\03-data-structure\enums\TraverseType.ts">
        <metrics statements="5" coveredstatements="5" conditionals="2" coveredconditionals="2" methods="1" coveredmethods="1"/>
        <line num="1" count="2" type="cond" truecount="2" falsecount="0"/>
        <line num="2" count="2" type="stmt"/>
        <line num="3" count="2" type="stmt"/>
        <line num="4" count="2" type="stmt"/>
        <line num="5" count="2" type="stmt"/>
      </file>
    </package>
    <package name="mergeSort">
      <metrics statements="18" coveredstatements="18" conditionals="6" coveredconditionals="6" methods="2" coveredmethods="2"/>
      <file name="mergeSort.ts" path="D:\evo-ts-bootcamp\homevork\03-data-structure\mergeSort\mergeSort.ts">
        <metrics statements="18" coveredstatements="18" conditionals="6" coveredconditionals="6" methods="2" coveredmethods="2"/>
        <line num="8" count="22" type="stmt"/>
        <line num="9" count="22" type="stmt"/>
        <line num="10" count="22" type="stmt"/>
        <line num="12" count="22" type="cond" truecount="2" falsecount="0"/>
        <line num="13" count="43" type="stmt"/>
        <line num="15" count="43" type="cond" truecount="2" falsecount="0"/>
        <line num="16" count="25" type="stmt"/>
        <line num="17" count="25" type="stmt"/>
        <line num="19" count="18" type="stmt"/>
        <line num="20" count="18" type="stmt"/>
        <line num="24" count="22" type="stmt"/>
        <line num="27" count="1" type="stmt"/>
        <line num="28" count="51" type="cond" truecount="2" falsecount="0"/>
        <line num="29" count="29" type="stmt"/>
        <line num="32" count="22" type="stmt"/>
        <line num="33" count="22" type="stmt"/>
        <line num="34" count="22" type="stmt"/>
        <line num="36" count="22" type="stmt"/>
      </file>
    </package>
  </project>
</coverage>
