{"D:\\evo-ts-bootcamp\\homevork\\03-data-structure\\binaryTree\\binarySearchTree.ts": {"path":"D:\\evo-ts-bootcamp\\homevork\\03-data-structure\\binaryTree\\binarySearchTree.ts","statementMap":{"0":{"start":{"line":2,"column":0},"end":{"line":2,"column":42}},"1":{"start":{"line":5,"column":0},"end":{"line":6,"column":28}},"2":{"start":{"line":6,"column":10},"end":{"line":6,"column":20}},"3":{"start":{"line":9,"column":4},"end":{"line":9,"column":null}},"4":{"start":{"line":12,"column":9},"end":{"line":36,"column":null}},"5":{"start":{"line":13,"column":15},"end":{"line":13,"column":24}},"6":{"start":{"line":15,"column":4},"end":{"line":33,"column":null}},"7":{"start":{"line":16,"column":6},"end":{"line":18,"column":null}},"8":{"start":{"line":17,"column":8},"end":{"line":17,"column":20}},"9":{"start":{"line":20,"column":6},"end":{"line":26,"column":null}},"10":{"start":{"line":21,"column":8},"end":{"line":25,"column":null}},"11":{"start":{"line":22,"column":10},"end":{"line":22,"column":27}},"12":{"start":{"line":24,"column":10},"end":{"line":24,"column":16}},"13":{"start":{"line":28,"column":6},"end":{"line":32,"column":null}},"14":{"start":{"line":29,"column":8},"end":{"line":29,"column":26}},"15":{"start":{"line":31,"column":8},"end":{"line":31,"column":14}},"16":{"start":{"line":35,"column":4},"end":{"line":35,"column":17}},"17":{"start":{"line":37,"column":0},"end":{"line":37,"column":null}},"18":{"start":{"line":5,"column":13},"end":{"line":5,"column":29}}},"fnMap":{"0":{"name":"(anonymous_6)","decl":{"start":{"line":5,"column":0},"end":{"line":5,"column":13}},"loc":{"start":{"line":5,"column":0},"end":{"line":37,"column":null}}},"1":{"name":"BinarySearchTree","decl":{"start":{"line":8,"column":2},"end":{"line":8,"column":14}},"loc":{"start":{"line":8,"column":37},"end":{"line":10,"column":3}}},"2":{"name":"(anonymous_8)","decl":{"start":{"line":12,"column":2},"end":{"line":12,"column":9}},"loc":{"start":{"line":12,"column":26},"end":{"line":36,"column":3}}}},"branchMap":{"0":{"loc":{"start":{"line":9,"column":4},"end":{"line":9,"column":15}},"type":"binary-expr","locations":[{"start":{"line":9,"column":4},"end":{"line":9,"column":15}},{"start":{"line":9,"column":15},"end":{"line":9,"column":null}}]},"1":{"loc":{"start":{"line":16,"column":6},"end":{"line":18,"column":null}},"type":"if","locations":[{"start":{"line":16,"column":6},"end":{"line":18,"column":null}},{"start":{"line":16,"column":6},"end":{"line":18,"column":null}}]},"2":{"loc":{"start":{"line":20,"column":6},"end":{"line":26,"column":null}},"type":"if","locations":[{"start":{"line":20,"column":6},"end":{"line":26,"column":null}},{"start":{"line":20,"column":6},"end":{"line":26,"column":null}}]},"3":{"loc":{"start":{"line":21,"column":8},"end":{"line":25,"column":null}},"type":"if","locations":[{"start":{"line":21,"column":8},"end":{"line":25,"column":null}},{"start":{"line":21,"column":8},"end":{"line":25,"column":null}}]},"4":{"loc":{"start":{"line":28,"column":6},"end":{"line":32,"column":null}},"type":"if","locations":[{"start":{"line":28,"column":6},"end":{"line":32,"column":null}},{"start":{"line":28,"column":6},"end":{"line":32,"column":null}}]}},"s":{"0":1,"1":1,"2":1,"3":4,"4":1,"5":3,"6":3,"7":7,"8":1,"9":6,"10":2,"11":1,"12":1,"13":5,"14":4,"15":1,"16":2,"17":1,"18":1},"f":{"0":1,"1":4,"2":3},"b":{"0":[4,4],"1":[1,6],"2":[2,4],"3":[1,1],"4":[4,1]}}
,"D:\\evo-ts-bootcamp\\homevork\\03-data-structure\\binaryTree\\binaryTree.ts": {"path":"D:\\evo-ts-bootcamp\\homevork\\03-data-structure\\binaryTree\\binaryTree.ts","statementMap":{"0":{"start":{"line":3,"column":0},"end":{"line":3,"column":53}},"1":{"start":{"line":5,"column":0},"end":{"line":5,"column":13}},"2":{"start":{"line":6,"column":24},"end":{"line":6,"column":42}},"3":{"start":{"line":8,"column":9},"end":{"line":11,"column":null}},"4":{"start":{"line":9,"column":4},"end":{"line":9,"column":21}},"5":{"start":{"line":10,"column":4},"end":{"line":10,"column":16}},"6":{"start":{"line":13,"column":9},"end":{"line":15,"column":null}},"7":{"start":{"line":14,"column":4},"end":{"line":14,"column":21}},"8":{"start":{"line":17,"column":9},"end":{"line":28,"column":null}},"9":{"start":{"line":18,"column":4},"end":{"line":27,"column":null}},"10":{"start":{"line":20,"column":8},"end":{"line":20,"column":48}},"11":{"start":{"line":22,"column":8},"end":{"line":22,"column":47}},"12":{"start":{"line":24,"column":8},"end":{"line":24,"column":49}},"13":{"start":{"line":26,"column":8},"end":{"line":26,"column":35}},"14":{"start":{"line":30,"column":10},"end":{"line":34,"column":null}},"15":{"start":{"line":31,"column":17},"end":{"line":31,"column":66}},"16":{"start":{"line":32,"column":18},"end":{"line":32,"column":69}},"17":{"start":{"line":33,"column":4},"end":{"line":33,"column":43}},"18":{"start":{"line":36,"column":10},"end":{"line":40,"column":null}},"19":{"start":{"line":37,"column":17},"end":{"line":37,"column":65}},"20":{"start":{"line":38,"column":18},"end":{"line":38,"column":68}},"21":{"start":{"line":39,"column":4},"end":{"line":39,"column":43}},"22":{"start":{"line":42,"column":10},"end":{"line":46,"column":null}},"23":{"start":{"line":43,"column":17},"end":{"line":43,"column":67}},"24":{"start":{"line":44,"column":18},"end":{"line":44,"column":70}},"25":{"start":{"line":45,"column":4},"end":{"line":45,"column":43}},"26":{"start":{"line":48,"column":10},"end":{"line":67,"column":null}},"27":{"start":{"line":49,"column":18},"end":{"line":49,"column":24}},"28":{"start":{"line":50,"column":19},"end":{"line":50,"column":21}},"29":{"start":{"line":52,"column":4},"end":{"line":64,"column":null}},"30":{"start":{"line":53,"column":21},"end":{"line":53,"column":40}},"31":{"start":{"line":55,"column":6},"end":{"line":55,"column":30}},"32":{"start":{"line":57,"column":6},"end":{"line":59,"column":null}},"33":{"start":{"line":58,"column":8},"end":{"line":58,"column":30}},"34":{"start":{"line":61,"column":6},"end":{"line":63,"column":null}},"35":{"start":{"line":62,"column":8},"end":{"line":62,"column":31}},"36":{"start":{"line":66,"column":4},"end":{"line":66,"column":18}},"37":{"start":{"line":69,"column":9},"end":{"line":90,"column":null}},"38":{"start":{"line":70,"column":44},"end":{"line":70,"column":60}},"39":{"start":{"line":71,"column":19},"end":{"line":71,"column":21}},"40":{"start":{"line":73,"column":4},"end":{"line":87,"column":null}},"41":{"start":{"line":74,"column":30},"end":{"line":74,"column":49}},"42":{"start":{"line":74,"column":18},"end":{"line":74,"column":20}},"43":{"start":{"line":74,"column":25},"end":{"line":74,"column":26}},"44":{"start":{"line":76,"column":6},"end":{"line":78,"column":null}},"45":{"start":{"line":77,"column":8},"end":{"line":77,"column":32}},"46":{"start":{"line":80,"column":6},"end":{"line":82,"column":null}},"47":{"start":{"line":81,"column":8},"end":{"line":81,"column":43}},"48":{"start":{"line":84,"column":6},"end":{"line":86,"column":null}},"49":{"start":{"line":85,"column":8},"end":{"line":85,"column":44}},"50":{"start":{"line":89,"column":4},"end":{"line":89,"column":18}},"51":{"start":{"line":91,"column":0},"end":{"line":91,"column":null}},"52":{"start":{"line":5,"column":13},"end":{"line":5,"column":23}}},"fnMap":{"0":{"name":"(anonymous_1)","decl":{"start":{"line":5,"column":0},"end":{"line":5,"column":13}},"loc":{"start":{"line":5,"column":0},"end":{"line":91,"column":null}}},"1":{"name":"BinaryTree","decl":{"start":{"line":6,"column":2},"end":{"line":6,"column":24}},"loc":{"start":{"line":6,"column":42},"end":{"line":6,"column":46}}},"2":{"name":"(anonymous_3)","decl":{"start":{"line":8,"column":2},"end":{"line":8,"column":9}},"loc":{"start":{"line":8,"column":35},"end":{"line":11,"column":3}}},"3":{"name":"(anonymous_4)","decl":{"start":{"line":13,"column":2},"end":{"line":13,"column":9}},"loc":{"start":{"line":13,"column":2},"end":{"line":15,"column":3}}},"4":{"name":"(anonymous_5)","decl":{"start":{"line":17,"column":2},"end":{"line":17,"column":9}},"loc":{"start":{"line":17,"column":44},"end":{"line":28,"column":3}}},"5":{"name":"(anonymous_6)","decl":{"start":{"line":30,"column":2},"end":{"line":30,"column":10}},"loc":{"start":{"line":30,"column":45},"end":{"line":34,"column":3}}},"6":{"name":"(anonymous_7)","decl":{"start":{"line":36,"column":2},"end":{"line":36,"column":10}},"loc":{"start":{"line":36,"column":44},"end":{"line":40,"column":3}}},"7":{"name":"(anonymous_8)","decl":{"start":{"line":42,"column":2},"end":{"line":42,"column":10}},"loc":{"start":{"line":42,"column":46},"end":{"line":46,"column":3}}},"8":{"name":"(anonymous_9)","decl":{"start":{"line":48,"column":2},"end":{"line":48,"column":10}},"loc":{"start":{"line":48,"column":32},"end":{"line":67,"column":3}}},"9":{"name":"(anonymous_10)","decl":{"start":{"line":69,"column":2},"end":{"line":69,"column":9}},"loc":{"start":{"line":69,"column":38},"end":{"line":90,"column":3}}}},"branchMap":{"0":{"loc":{"start":{"line":19,"column":6},"end":{"line":20,"column":48}},"type":"switch","locations":[{"start":{"line":19,"column":6},"end":{"line":20,"column":48}},{"start":{"line":21,"column":6},"end":{"line":22,"column":47}},{"start":{"line":23,"column":6},"end":{"line":24,"column":49}},{"start":{"line":25,"column":6},"end":{"line":26,"column":35}}]},"1":{"loc":{"start":{"line":31,"column":29},"end":{"line":31,"column":61}},"type":"cond-expr","locations":[{"start":{"line":31,"column":29},"end":{"line":31,"column":61}},{"start":{"line":31,"column":64},"end":{"line":31,"column":66}}]},"2":{"loc":{"start":{"line":32,"column":31},"end":{"line":32,"column":64}},"type":"cond-expr","locations":[{"start":{"line":32,"column":31},"end":{"line":32,"column":64}},{"start":{"line":32,"column":67},"end":{"line":32,"column":69}}]},"3":{"loc":{"start":{"line":37,"column":29},"end":{"line":37,"column":60}},"type":"cond-expr","locations":[{"start":{"line":37,"column":29},"end":{"line":37,"column":60}},{"start":{"line":37,"column":63},"end":{"line":37,"column":65}}]},"4":{"loc":{"start":{"line":38,"column":31},"end":{"line":38,"column":63}},"type":"cond-expr","locations":[{"start":{"line":38,"column":31},"end":{"line":38,"column":63}},{"start":{"line":38,"column":66},"end":{"line":38,"column":68}}]},"5":{"loc":{"start":{"line":43,"column":29},"end":{"line":43,"column":62}},"type":"cond-expr","locations":[{"start":{"line":43,"column":29},"end":{"line":43,"column":62}},{"start":{"line":43,"column":65},"end":{"line":43,"column":67}}]},"6":{"loc":{"start":{"line":44,"column":31},"end":{"line":44,"column":65}},"type":"cond-expr","locations":[{"start":{"line":44,"column":31},"end":{"line":44,"column":65}},{"start":{"line":44,"column":68},"end":{"line":44,"column":70}}]},"7":{"loc":{"start":{"line":57,"column":6},"end":{"line":59,"column":null}},"type":"if","locations":[{"start":{"line":57,"column":6},"end":{"line":59,"column":null}},{"start":{"line":57,"column":6},"end":{"line":59,"column":null}}]},"8":{"loc":{"start":{"line":61,"column":6},"end":{"line":63,"column":null}},"type":"if","locations":[{"start":{"line":61,"column":6},"end":{"line":63,"column":null}},{"start":{"line":61,"column":6},"end":{"line":63,"column":null}}]},"9":{"loc":{"start":{"line":76,"column":6},"end":{"line":78,"column":null}},"type":"if","locations":[{"start":{"line":76,"column":6},"end":{"line":78,"column":null}},{"start":{"line":76,"column":6},"end":{"line":78,"column":null}}]},"10":{"loc":{"start":{"line":80,"column":6},"end":{"line":82,"column":null}},"type":"if","locations":[{"start":{"line":80,"column":6},"end":{"line":82,"column":null}},{"start":{"line":80,"column":6},"end":{"line":82,"column":null}}]},"11":{"loc":{"start":{"line":84,"column":6},"end":{"line":86,"column":null}},"type":"if","locations":[{"start":{"line":84,"column":6},"end":{"line":86,"column":null}},{"start":{"line":84,"column":6},"end":{"line":86,"column":null}}]}},"s":{"0":2,"1":2,"2":13,"3":2,"4":2,"5":2,"6":2,"7":3,"8":2,"9":5,"10":1,"11":1,"12":1,"13":2,"14":2,"15":9,"16":9,"17":9,"18":2,"19":9,"20":9,"21":9,"22":2,"23":9,"24":9,"25":9,"26":2,"27":2,"28":2,"29":2,"30":10,"31":10,"32":10,"33":4,"34":10,"35":4,"36":2,"37":2,"38":2,"39":2,"40":2,"41":18,"42":18,"43":18,"44":18,"45":5,"46":18,"47":8,"48":18,"49":8,"50":2,"51":2,"52":2},"f":{"0":2,"1":13,"2":2,"3":3,"4":5,"5":9,"6":9,"7":9,"8":2,"9":2},"b":{"0":[1,1,1,2],"1":[4,5],"2":[4,5],"3":[4,5],"4":[4,5],"5":[4,5],"6":[4,5],"7":[4,6],"8":[4,6],"9":[5,13],"10":[8,10],"11":[8,10]}}
,"D:\\evo-ts-bootcamp\\homevork\\03-data-structure\\enums\\TraverseType.ts": {"path":"D:\\evo-ts-bootcamp\\homevork\\03-data-structure\\enums\\TraverseType.ts","statementMap":{"0":{"start":{"line":1,"column":0},"end":{"line":1,"column":null}},"1":{"start":{"line":2,"column":2},"end":{"line":2,"column":null}},"2":{"start":{"line":3,"column":2},"end":{"line":3,"column":null}},"3":{"start":{"line":4,"column":2},"end":{"line":4,"column":null}},"4":{"start":{"line":5,"column":2},"end":{"line":5,"column":null}}},"fnMap":{"0":{"name":"(anonymous_0)","decl":{"start":{"line":1,"column":0},"end":{"line":1,"column":12}},"loc":{"start":{"line":1,"column":24},"end":{"line":6,"column":1}}}},"branchMap":{"0":{"loc":{"start":{"line":1,"column":12},"end":{"line":1,"column":24}},"type":"binary-expr","locations":[{"start":{"line":1,"column":12},"end":{"line":1,"column":24}},{"start":{"line":1,"column":12},"end":{"line":1,"column":null}}]}},"s":{"0":2,"1":2,"2":2,"3":2,"4":2},"f":{"0":2},"b":{"0":[2,2]}}
,"D:\\evo-ts-bootcamp\\homevork\\03-data-structure\\mergeSort\\mergeSort.ts": {"path":"D:\\evo-ts-bootcamp\\homevork\\03-data-structure\\mergeSort\\mergeSort.ts","statementMap":{"0":{"start":{"line":8,"column":25},"end":{"line":8,"column":27}},"1":{"start":{"line":9,"column":10},"end":{"line":9,"column":11}},"2":{"start":{"line":10,"column":10},"end":{"line":10,"column":11}},"3":{"start":{"line":12,"column":2},"end":{"line":22,"column":null}},"4":{"start":{"line":13,"column":30},"end":{"line":13,"column":68}},"5":{"start":{"line":15,"column":4},"end":{"line":21,"column":null}},"6":{"start":{"line":16,"column":6},"end":{"line":16,"column":34}},"7":{"start":{"line":17,"column":6},"end":{"line":17,"column":13}},"8":{"start":{"line":19,"column":6},"end":{"line":19,"column":35}},"9":{"start":{"line":20,"column":6},"end":{"line":20,"column":13}},"10":{"start":{"line":24,"column":2},"end":{"line":24,"column":69}},"11":{"start":{"line":28,"column":2},"end":{"line":30,"column":null}},"12":{"start":{"line":29,"column":4},"end":{"line":29,"column":17}},"13":{"start":{"line":32,"column":17},"end":{"line":32,"column":45}},"14":{"start":{"line":33,"column":19},"end":{"line":33,"column":41}},"15":{"start":{"line":34,"column":20},"end":{"line":34,"column":39}},"16":{"start":{"line":36,"column":2},"end":{"line":40,"column":4}},"17":{"start":{"line":27,"column":0},"end":{"line":27,"column":16}}},"fnMap":{"0":{"name":"merge","decl":{"start":{"line":3,"column":9},"end":{"line":3,"column":14}},"loc":{"start":{"line":6,"column":33},"end":{"line":25,"column":1}}},"1":{"name":"mergeSort","decl":{"start":{"line":27,"column":16},"end":{"line":27,"column":25}},"loc":{"start":{"line":27,"column":72},"end":{"line":41,"column":1}}}},"branchMap":{"0":{"loc":{"start":{"line":12,"column":9},"end":{"line":12,"column":28}},"type":"binary-expr","locations":[{"start":{"line":12,"column":9},"end":{"line":12,"column":28}},{"start":{"line":12,"column":32},"end":{"line":12,"column":52}}]},"1":{"loc":{"start":{"line":15,"column":4},"end":{"line":21,"column":null}},"type":"if","locations":[{"start":{"line":15,"column":4},"end":{"line":21,"column":null}},{"start":{"line":15,"column":4},"end":{"line":21,"column":null}}]},"2":{"loc":{"start":{"line":28,"column":2},"end":{"line":30,"column":null}},"type":"if","locations":[{"start":{"line":28,"column":2},"end":{"line":30,"column":null}},{"start":{"line":28,"column":2},"end":{"line":30,"column":null}}]}},"s":{"0":22,"1":22,"2":22,"3":22,"4":43,"5":43,"6":25,"7":25,"8":18,"9":18,"10":22,"11":51,"12":29,"13":22,"14":22,"15":22,"16":22,"17":1},"f":{"0":22,"1":51},"b":{"0":[65,49],"1":[25,18],"2":[29,22]}}
}
