TN:
SF:binaryTree\binarySearchTree.ts
FN:5,(anonymous_6)
FN:8,BinarySearchTree
FN:12,(anonymous_8)
FNF:3
FNH:3
FNDA:1,(anonymous_6)
FNDA:4,BinarySearchTree
FNDA:3,(anonymous_8)
DA:2,1
DA:5,1
DA:6,1
DA:9,4
DA:12,1
DA:13,3
DA:15,3
DA:16,7
DA:17,1
DA:20,6
DA:21,2
DA:22,1
DA:24,1
DA:28,5
DA:29,4
DA:31,1
DA:35,2
DA:37,1
LF:18
LH:18
BRDA:9,0,0,4
BRDA:9,0,1,4
BRDA:16,1,0,1
BRDA:16,1,1,6
BRDA:20,2,0,2
BRDA:20,2,1,4
BRDA:21,3,0,1
BRDA:21,3,1,1
BRDA:28,4,0,4
BRDA:28,4,1,1
BRF:10
BRH:10
end_of_record
TN:
SF:binaryTree\binaryTree.ts
FN:5,(anonymous_1)
FN:6,BinaryTree
FN:8,(anonymous_3)
FN:13,(anonymous_4)
FN:17,(anonymous_5)
FN:30,(anonymous_6)
FN:36,(anonymous_7)
FN:42,(anonymous_8)
FN:48,(anonymous_9)
FN:69,(anonymous_10)
FNF:10
FNH:10
FNDA:2,(anonymous_1)
FNDA:13,BinaryTree
FNDA:2,(anonymous_3)
FNDA:3,(anonymous_4)
FNDA:5,(anonymous_5)
FNDA:9,(anonymous_6)
FNDA:9,(anonymous_7)
FNDA:9,(anonymous_8)
FNDA:2,(anonymous_9)
FNDA:2,(anonymous_10)
DA:3,2
DA:5,2
DA:6,13
DA:8,2
DA:9,2
DA:10,2
DA:13,2
DA:14,3
DA:17,2
DA:18,5
DA:20,1
DA:22,1
DA:24,1
DA:26,2
DA:30,2
DA:31,9
DA:32,9
DA:33,9
DA:36,2
DA:37,9
DA:38,9
DA:39,9
DA:42,2
DA:43,9
DA:44,9
DA:45,9
DA:48,2
DA:49,2
DA:50,2
DA:52,2
DA:53,10
DA:55,10
DA:57,10
DA:58,4
DA:61,10
DA:62,4
DA:66,2
DA:69,2
DA:70,2
DA:71,2
DA:73,2
DA:74,18
DA:76,18
DA:77,5
DA:80,18
DA:81,8
DA:84,18
DA:85,8
DA:89,2
DA:91,2
LF:50
LH:50
BRDA:19,0,0,1
BRDA:19,0,1,1
BRDA:19,0,2,1
BRDA:19,0,3,2
BRDA:31,1,0,4
BRDA:31,1,1,5
BRDA:32,2,0,4
BRDA:32,2,1,5
BRDA:37,3,0,4
BRDA:37,3,1,5
BRDA:38,4,0,4
BRDA:38,4,1,5
BRDA:43,5,0,4
BRDA:43,5,1,5
BRDA:44,6,0,4
BRDA:44,6,1,5
BRDA:57,7,0,4
BRDA:57,7,1,6
BRDA:61,8,0,4
BRDA:61,8,1,6
BRDA:76,9,0,5
BRDA:76,9,1,13
BRDA:80,10,0,8
BRDA:80,10,1,10
BRDA:84,11,0,8
BRDA:84,11,1,10
BRF:26
BRH:26
end_of_record
TN:
SF:enums\TraverseType.ts
FN:1,(anonymous_0)
FNF:1
FNH:1
FNDA:2,(anonymous_0)
DA:1,2
DA:2,2
DA:3,2
DA:4,2
DA:5,2
LF:5
LH:5
BRDA:1,0,0,2
BRDA:1,0,1,2
BRF:2
BRH:2
end_of_record
TN:
SF:mergeSort\mergeSort.ts
FN:3,merge
FN:27,mergeSort
FNF:2
FNH:2
FNDA:22,merge
FNDA:51,mergeSort
DA:8,22
DA:9,22
DA:10,22
DA:12,22
DA:13,43
DA:15,43
DA:16,25
DA:17,25
DA:19,18
DA:20,18
DA:24,22
DA:27,1
DA:28,51
DA:29,29
DA:32,22
DA:33,22
DA:34,22
DA:36,22
LF:18
LH:18
BRDA:12,0,0,65
BRDA:12,0,1,49
BRDA:15,1,0,25
BRDA:15,1,1,18
BRDA:28,2,0,29
BRDA:28,2,1,22
BRF:6
BRH:6
end_of_record
